<?xml version="1.0" encoding="UTF-8"?>
<!-- Generated by org.testng.reporters.JUnitReportReporter -->
<testsuite hostname="admin-PC" name="RegisterPackage.Contactus" tests="2" failures="0" timestamp="6 Aug 2018 18:07:18 GMT" time="11.321" errors="0">
  <testcase name="contactus" time="4.487" classname="RegisterPackage.Contactus"/>
  <testcase name="login" time="6.834" classname="RegisterPackage.Contactus"/>
</testsuite> <!-- RegisterPackage.Contactus -->
