<?xml version="1.0" encoding="UTF-8"?>
<!-- Generated by org.testng.reporters.JUnitReportReporter -->
<testsuite hostname="admin-PC" name="RegisterPackage.Register" tests="2" failures="0" timestamp="6 Aug 2018 18:07:18 GMT" time="14.430" errors="0">
  <testcase name="main" time="2.946" classname="RegisterPackage.Register"/>
  <testcase name="register" time="11.484" classname="RegisterPackage.Register"/>
</testsuite> <!-- RegisterPackage.Register -->
