<?xml version="1.0" encoding="UTF-8"?>
<!-- Generated by org.testng.reporters.JUnitReportReporter -->
<testsuite hostname="admin-PC" name="RegisterPackage.Login" tests="1" failures="0" timestamp="6 Aug 2018 18:07:18 GMT" time="6.229" errors="0">
  <testcase name="login" time="6.229" classname="RegisterPackage.Login"/>
</testsuite> <!-- RegisterPackage.Login -->
